<?xml version="1.0" encoding="UTF-8"?>
<!-- Generated by org.testng.reporters.JUnitReportReporter -->
<testsuite hostname="DESKTOP-MSBUJAU" failures="0" tests="1" name="practicePackage.CreateSampleTest" time="0.017" errors="0" timestamp="2022-09-30T15:32:53 IST" skipped="0">
  <testcase classname="practicePackage.CreateSampleTest" name="create" time="0.017"/>
  <system-out/>
</testsuite> <!-- practicePackage.CreateSampleTest -->
